TN:
SF:/mnt/f/Projects/audits/rio-vesting-escrow/lib/openzeppelin-contracts/contracts/access/Ownable.sol
DA:1,0
DA:29,0
DA:36,0
DA:43,0
DA:44,0
DA:50,0
DA:51,0
DA:61,0
DA:62,0
DA:69,0
DA:70,0
DA:71,0
DA:78,0
DA:79,0
DA:80,0
DA:81,0
end_of_record

SF:/mnt/f/Projects/audits/rio-vesting-escrow/lib/openzeppelin-contracts/contracts/access/Ownable2Step.sol
DA:27,0
DA:28,0
DA:35,0
DA:36,0
DA:37,0
DA:44,0
DA:45,0
DA:46,0
DA:52,0
DA:54,0
DA:55,0
end_of_record

SF:/mnt/f/Projects/audits/rio-vesting-escrow/lib/openzeppelin-contracts/contracts/governance/Governor.sol
DA:31,0
DA:32,0
DA:72,0
DA:73,0
DA:76,0
DA:84,0
DA:85,0
DA:92,0
DA:98,0
DA:116,0
DA:117,0
DA:118,0
DA:119,0
DA:120,0
DA:121,0
DA:127,0
DA:128,0
DA:134,0
DA:135,0
DA:151,0
DA:156,0
DA:157,0
DA:163,0
DA:164,0
DA:166,0
DA:167,0
DA:170,0
DA:171,0
DA:174,0
DA:176,0
DA:177,0
DA:180,0
DA:182,0
DA:183,0
DA:186,0
DA:188,0
DA:189,0
DA:192,0
DA:193,0
DA:195,0
DA:209,0
DA:210,0
DA:216,0
DA:217,0
DA:223,0
DA:224,0
DA:261,0
DA:262,0
DA:268,0
DA:273,0
DA:275,0
DA:277,0
DA:278,0
DA:279,0
DA:283,0
DA:285,0
DA:286,0
DA:287,0
DA:288,0
DA:290,0
DA:291,0
DA:293,0
DA:295,0
DA:296,0
DA:300,0
DA:303,0
DA:305,0
DA:307,0
DA:308,0
DA:309,0
DA:310,0
DA:311,0
DA:312,0
DA:315,0
DA:321,0
DA:326,0
DA:327,0
DA:329,0
DA:330,0
DA:331,0
DA:334,0
DA:336,0
DA:338,0
DA:339,0
DA:340,0
DA:342,0
DA:348,0
DA:353,0
DA:354,0
DA:355,0
DA:356,0
DA:357,0
DA:363,0
DA:370,0
DA:371,0
DA:372,0
DA:373,0
DA:380,0
DA:387,0
DA:388,0
DA:389,0
DA:390,0
DA:419,0
DA:424,0
DA:425,0
DA:427,0
DA:429,0
DA:430,0
DA:431,0
DA:432,0
DA:435,0
DA:437,0
DA:439,0
DA:445,0
DA:446,0
DA:452,0
DA:456,0
DA:457,0
DA:463,0
DA:464,0
DA:465,0
DA:471,0
DA:475,0
DA:476,0
DA:477,0
DA:483,0
DA:488,0
DA:489,0
DA:490,0
DA:496,0
DA:502,0
DA:503,0
DA:504,0
DA:509,0
DA:515,0
DA:523,0
DA:524,0
DA:525,0
DA:526,0
DA:527,0
DA:529,0
DA:530,0
DA:531,0
DA:532,0
DA:536,0
DA:537,0
DA:538,0
DA:541,0
DA:550,0
DA:555,0
DA:556,0
DA:565,0
DA:571,0
DA:572,0
DA:573,0
DA:575,0
DA:576,0
DA:578,0
DA:579,0
DA:581,0
DA:584,0
DA:593,0
DA:594,0
DA:595,0
DA:603,0
DA:609,0
DA:616,0
DA:629,0
DA:656,0
DA:659,0
DA:660,0
DA:663,0
DA:664,0
DA:676,0
DA:680,0
DA:681,0
DA:685,0
DA:686,0
DA:687,0
DA:689,0
DA:690,0
DA:692,0
DA:695,0
DA:702,0
DA:703,0
DA:706,0
DA:707,0
DA:710,0
DA:711,0
DA:714,0
DA:715,0
DA:719,0
end_of_record

SF:/mnt/f/Projects/audits/rio-vesting-escrow/lib/openzeppelin-contracts/contracts/governance/IGovernor.sol
end_of_record

SF:/mnt/f/Projects/audits/rio-vesting-escrow/lib/openzeppelin-contracts/contracts/governance/extensions/GovernorCountingSimple.sol
DA:36,0
DA:37,0
DA:43,0
DA:44,0
DA:50,0
DA:52,0
DA:53,0
DA:54,0
DA:60,0
DA:61,0
DA:63,0
DA:69,0
DA:70,0
DA:72,0
DA:78,0
DA:85,0
DA:87,0
DA:88,0
DA:90,0
DA:91,0
DA:92,0
DA:93,0
DA:94,0
DA:95,0
DA:97,0
end_of_record

SF:/mnt/f/Projects/audits/rio-vesting-escrow/lib/openzeppelin-contracts/contracts/governance/extensions/GovernorVotes.sol
DA:15,0
DA:18,0
DA:25,0
DA:26,0
DA:29,0
DA:37,0
DA:38,0
DA:39,0
DA:41,0
DA:48,0
DA:52,0
DA:53,0
end_of_record

SF:/mnt/f/Projects/audits/rio-vesting-escrow/lib/openzeppelin-contracts/contracts/governance/utils/IVotes.sol
end_of_record

SF:/mnt/f/Projects/audits/rio-vesting-escrow/lib/openzeppelin-contracts/contracts/interfaces/IERC165.sol
end_of_record

SF:/mnt/f/Projects/audits/rio-vesting-escrow/lib/openzeppelin-contracts/contracts/interfaces/IERC5267.sol
end_of_record

SF:/mnt/f/Projects/audits/rio-vesting-escrow/lib/openzeppelin-contracts/contracts/interfaces/IERC5805.sol
end_of_record

SF:/mnt/f/Projects/audits/rio-vesting-escrow/lib/openzeppelin-contracts/contracts/interfaces/IERC6372.sol
end_of_record

SF:/mnt/f/Projects/audits/rio-vesting-escrow/lib/openzeppelin-contracts/contracts/token/ERC1155/IERC1155Receiver.sol
end_of_record

SF:/mnt/f/Projects/audits/rio-vesting-escrow/lib/openzeppelin-contracts/contracts/token/ERC20/ERC20.sol
DA:38,0
DA:54,0
DA:55,0
DA:56,0
DA:62,0
DA:63,0
DA:70,0
DA:71,0
DA:87,0
DA:88,0
DA:94,0
DA:95,0
DA:101,0
DA:102,0
DA:113,0
DA:115,0
DA:122,0
DA:123,0
DA:136,0
DA:138,0
DA:139,0
DA:158,0
DA:160,0
DA:161,0
DA:162,0
DA:177,0
DA:179,0
DA:180,0
DA:197,0
DA:199,0
DA:200,0
DA:202,0
DA:205,0
DA:222,0
DA:223,0
DA:224,0
DA:228,0
DA:229,0
DA:231,0
DA:234,0
DA:237,0
DA:239,0
DA:251,0
DA:252,0
DA:256,0
DA:259,0
DA:261,0
DA:263,0
DA:308,0
DA:309,0
DA:310,0
DA:312,0
DA:313,0
DA:324,0
DA:325,0
DA:326,0
DA:327,0
DA:329,0
DA:348,0
end_of_record

SF:/mnt/f/Projects/audits/rio-vesting-escrow/lib/openzeppelin-contracts/contracts/token/ERC20/IERC20.sol
end_of_record

SF:/mnt/f/Projects/audits/rio-vesting-escrow/lib/openzeppelin-contracts/contracts/token/ERC20/extensions/ERC20Permit.sol
DA:29,0
DA:44,0
DA:49,0
DA:57,0
DA:58,0
DA:60,0
DA:62,0
DA:64,0
DA:65,0
DA:67,0
DA:73,0
DA:74,0
DA:81,0
DA:82,0
DA:90,0
DA:91,0
DA:93,0
end_of_record

SF:/mnt/f/Projects/audits/rio-vesting-escrow/lib/openzeppelin-contracts/contracts/token/ERC20/extensions/ERC20Votes.sol
DA:34,0
DA:43,0
DA:44,0
DA:51,0
DA:53,0
DA:54,0
DA:60,0
DA:61,0
DA:67,0
DA:68,0
DA:74,0
DA:75,0
DA:81,0
DA:82,0
DA:84,0
DA:95,0
DA:96,0
DA:97,0
DA:108,0
DA:109,0
DA:110,0
DA:116,0
DA:129,0
DA:134,0
DA:135,0
DA:136,0
DA:137,0
DA:139,0
DA:143,0
DA:144,0
DA:145,0
DA:146,0
DA:148,0
DA:153,0
DA:160,0
DA:161,0
DA:167,0
DA:174,0
DA:175,0
DA:176,0
DA:177,0
DA:178,0
DA:179,0
DA:180,0
DA:182,0
DA:183,0
DA:196,0
DA:197,0
DA:198,0
DA:200,0
DA:217,0
DA:220,0
DA:228,0
DA:229,0
DA:230,0
DA:231,0
DA:233,0
DA:235,0
DA:238,0
DA:239,0
DA:240,0
DA:241,0
DA:242,0
DA:245,0
DA:246,0
DA:247,0
DA:252,0
DA:256,0
DA:257,0
DA:259,0
DA:260,0
DA:262,0
DA:263,0
DA:265,0
DA:266,0
DA:268,0
DA:273,0
DA:274,0
DA:277,0
DA:278,0
DA:284,0
DA:286,0
DA:287,0
end_of_record

SF:/mnt/f/Projects/audits/rio-vesting-escrow/lib/openzeppelin-contracts/contracts/token/ERC20/extensions/IERC20Metadata.sol
end_of_record

SF:/mnt/f/Projects/audits/rio-vesting-escrow/lib/openzeppelin-contracts/contracts/token/ERC20/extensions/IERC20Permit.sol
end_of_record

SF:/mnt/f/Projects/audits/rio-vesting-escrow/lib/openzeppelin-contracts/contracts/token/ERC20/utils/SafeERC20.sol
DA:19,0
DA:26,1
DA:27,48
DA:34,0
DA:35,0
DA:117,1
DA:122,33
DA:123,25
end_of_record

SF:/mnt/f/Projects/audits/rio-vesting-escrow/lib/openzeppelin-contracts/contracts/token/ERC721/IERC721Receiver.sol
end_of_record

SF:/mnt/f/Projects/audits/rio-vesting-escrow/lib/openzeppelin-contracts/contracts/utils/Address.sol
DA:9,0
DA:45,3
DA:64,0
DA:65,0
DA:67,0
DA:68,0
DA:99,1
DA:103,1
DA:104,7
DA:128,3
DA:133,1
DA:134,7
DA:135,71
DA:136,9
DA:170,0
DA:171,0
DA:180,0
DA:184,0
DA:185,0
DA:186,0
DA:195,1
DA:200,1
DA:201,5
DA:202,6
DA:205,11
DA:207,3
DA:209,5
DA:219,0
DA:223,0
DA:224,0
DA:225,0
DA:227,0
DA:231,1
DA:233,6
DA:237,2
DA:238,6
DA:241,12
end_of_record

SF:/mnt/f/Projects/audits/rio-vesting-escrow/lib/openzeppelin-contracts/contracts/utils/Context.sol
DA:18,0
end_of_record

SF:/mnt/f/Projects/audits/rio-vesting-escrow/lib/openzeppelin-contracts/contracts/utils/Counters.sol
DA:14,0
DA:22,0
DA:23,0
DA:28,0
end_of_record

SF:/mnt/f/Projects/audits/rio-vesting-escrow/lib/openzeppelin-contracts/contracts/utils/ShortStrings.sol
DA:40,0
DA:42,0
DA:52,0
DA:53,0
DA:54,0
DA:55,0
DA:57,0
DA:63,0
DA:64,0
DA:66,0
DA:69,0
DA:70,0
DA:78,0
DA:79,0
DA:80,0
DA:81,0
DA:89,0
DA:90,0
DA:91,0
DA:93,0
DA:101,0
DA:102,0
DA:103,0
DA:105,0
end_of_record

SF:/mnt/f/Projects/audits/rio-vesting-escrow/lib/openzeppelin-contracts/contracts/utils/StorageSlot.sol
DA:34,0
end_of_record

SF:/mnt/f/Projects/audits/rio-vesting-escrow/lib/openzeppelin-contracts/contracts/utils/Strings.sol
DA:12,0
end_of_record

SF:/mnt/f/Projects/audits/rio-vesting-escrow/lib/openzeppelin-contracts/contracts/utils/cryptography/ECDSA.sol
DA:14,0
DA:23,0
DA:24,0
DA:26,0
DA:27,0
DA:28,0
DA:29,0
DA:30,0
DA:31,0
DA:124,0
DA:134,0
DA:135,0
DA:139,0
DA:140,0
DA:141,0
DA:144,0
DA:151,0
DA:152,0
DA:153,0
DA:154,0
DA:197,0
DA:200,0
DA:201,0
DA:202,0
DA:203,0
DA:204,0
end_of_record

SF:/mnt/f/Projects/audits/rio-vesting-escrow/lib/openzeppelin-contracts/contracts/utils/cryptography/EIP712.sol
DA:39,0
DA:67,0
DA:68,0
DA:69,0
DA:70,0
DA:71,0
DA:73,0
DA:74,0
DA:75,0
DA:81,0
DA:82,0
DA:83,0
DA:85,0
DA:89,0
DA:90,0
DA:108,0
DA:109,0
DA:117,0
DA:123,0
DA:124,0
DA:132,0
DA:134,0
DA:135,0
DA:136,0
DA:137,0
DA:138,0
DA:139,0
end_of_record

SF:/mnt/f/Projects/audits/rio-vesting-escrow/lib/openzeppelin-contracts/contracts/utils/introspection/ERC165.sol
DA:27,0
end_of_record

SF:/mnt/f/Projects/audits/rio-vesting-escrow/lib/openzeppelin-contracts/contracts/utils/introspection/IERC165.sol
end_of_record

SF:/mnt/f/Projects/audits/rio-vesting-escrow/lib/openzeppelin-contracts/contracts/utils/math/Math.sol
DA:9,0
DA:26,4
DA:27,11
DA:34,0
DA:36,0
DA:152,0
DA:153,0
DA:154,0
DA:167,0
DA:174,0
DA:175,0
DA:176,0
DA:177,0
DA:178,0
DA:179,0
DA:180,0
DA:181,0
DA:199,0
DA:202,0
DA:203,0
DA:204,0
DA:206,0
DA:207,0
DA:208,0
DA:210,0
DA:211,0
DA:212,0
DA:214,0
DA:215,0
DA:216,0
DA:218,0
DA:219,0
DA:220,0
DA:222,0
DA:223,0
DA:224,0
DA:226,0
DA:227,0
DA:228,0
DA:230,0
DA:231,0
DA:234,0
end_of_record

SF:/mnt/f/Projects/audits/rio-vesting-escrow/lib/openzeppelin-contracts/contracts/utils/math/SafeCast.sol
DA:22,0
DA:86,0
DA:87,0
DA:426,0
DA:427,0
DA:428,0
DA:460,0
DA:461,0
DA:494,0
DA:495,0
DA:496,0
end_of_record

SF:/mnt/f/Projects/audits/rio-vesting-escrow/lib/openzeppelin-contracts/contracts/utils/math/SignedMath.sol
DA:9,0
end_of_record

SF:/mnt/f/Projects/audits/rio-vesting-escrow/lib/openzeppelin-contracts/contracts/utils/structs/DoubleEndedQueue.sol
DA:21,0
DA:53,0
DA:54,0
DA:55,0
DA:57,0
DA:94,0
DA:95,0
DA:96,0
DA:97,0
DA:98,0
DA:100,0
DA:167,0
DA:168,0
end_of_record

SF:/mnt/f/Projects/audits/rio-vesting-escrow/lib/solady/src/utils/Clone.sol
DA:43,4
DA:44,5
DA:47,8
DA:93,4
DA:94,5
DA:97,6
DA:336,4
DA:337,5
DA:340,8
DA:381,2
DA:384,9
end_of_record

SF:/mnt/f/Projects/audits/rio-vesting-escrow/lib/solady/src/utils/LibClone.sol
DA:27,0
DA:308,0
DA:311,0
DA:312,0
DA:313,0
DA:314,0
DA:315,0
DA:316,0
DA:319,0
DA:402,0
DA:404,0
DA:406,0
DA:407,0
DA:408,0
DA:411,0
DA:412,0
DA:414,0
DA:417,0
DA:418,0
DA:420,0
DA:423,0
DA:426,0
DA:428,0
DA:430,0
DA:434,0
DA:435,0
DA:436,0
DA:437,0
DA:438,0
end_of_record

SF:/mnt/f/Projects/audits/rio-vesting-escrow/src/Echidna.sol
DA:11,88
DA:51,0
DA:57,0
DA:58,0
DA:61,0
DA:62,0
DA:63,0
DA:64,0
DA:65,0
DA:67,0
DA:68,0
DA:70,0
DA:73,12
DA:74,10
DA:75,80
DA:76,2
DA:79,9
DA:80,17
DA:83,1
DA:84,11
DA:87,12
DA:88,17
DA:91,12
DA:92,19
DA:93,15
DA:95,9
DA:96,16
DA:99,6
DA:100,15
DA:103,8
DA:108,19
DA:110,87
DA:111,37
DA:114,9
DA:117,8
DA:118,25
DA:119,67
DA:120,53
DA:121,69
DA:122,6
DA:123,8
DA:127,11
DA:128,16
DA:129,69
DA:132,5
DA:133,70
DA:134,10
DA:135,72
DA:136,5
DA:137,7
DA:142,5
DA:143,70
DA:144,10
DA:145,72
DA:146,6
DA:147,0
DA:151,9
DA:152,70
DA:153,10
DA:154,72
DA:155,70
DA:156,7
DA:157,11
end_of_record

SF:/mnt/f/Projects/audits/rio-vesting-escrow/src/VestingEscrow.sol
DA:13,143
DA:19,6
DA:20,4
DA:24,6
DA:25,4
DA:29,14
DA:30,4
DA:34,6
DA:35,4
DA:39,12
DA:40,7
DA:44,6
DA:45,4
DA:49,10
DA:50,4
DA:54,6
DA:57,9
DA:60,23
DA:63,11
DA:67,6
DA:73,3
DA:79,13
DA:80,1
DA:85,0
DA:92,19
DA:93,7
DA:94,7
DA:95,7
DA:96,6
DA:99,28
DA:100,69
DA:101,13
DA:102,6
DA:103,11
DA:105,5
DA:107,15
DA:108,1
DA:109,4
DA:110,1
DA:111,1
DA:112,4
DA:113,1
DA:114,4
DA:120,9
DA:121,10
DA:123,15
DA:124,16
DA:128,8
DA:129,11
DA:131,14
DA:137,14
DA:138,12
DA:139,15
DA:140,75
DA:141,0
DA:142,7
DA:143,16
DA:145,1
DA:150,17
DA:151,3
DA:156,12
DA:157,0
DA:163,12
DA:164,0
DA:168,7
DA:169,0
DA:170,0
DA:172,0
DA:174,6
DA:175,0
DA:179,5
DA:180,0
DA:181,0
DA:183,0
DA:184,0
DA:186,0
DA:187,0
DA:189,0
DA:190,0
DA:194,5
DA:195,0
DA:197,0
DA:198,0
DA:204,15
DA:205,1
DA:206,12
DA:207,91
DA:208,8
DA:210,5
DA:211,11
DA:212,0
DA:217,7
DA:218,1
DA:219,5
DA:220,0
DA:221,0
DA:226,2
DA:227,60
DA:231,0
DA:232,0
DA:236,0
DA:237,0
DA:241,1
DA:242,3
DA:243,0
DA:248,1
DA:249,3
DA:250,0
DA:255,2
DA:256,11
DA:257,12
DA:262,0
DA:263,0
DA:264,0
DA:270,0
DA:271,0
DA:276,6
DA:277,7
DA:278,7
DA:279,18
DA:280,2
DA:282,41
end_of_record

SF:/mnt/f/Projects/audits/rio-vesting-escrow/src/VestingEscrowFactory.sol
DA:13,0
DA:19,0
DA:22,0
DA:25,0
DA:28,0
DA:30,0
DA:31,0
DA:32,0
DA:33,0
DA:35,0
DA:36,0
DA:37,0
DA:38,0
DA:40,0
DA:51,0
DA:59,0
DA:60,0
DA:61,0
DA:62,0
DA:63,0
DA:65,0
DA:66,0
DA:67,0
DA:71,0
DA:72,0
DA:74,0
DA:80,0
DA:81,0
DA:82,0
DA:83,0
DA:88,0
DA:89,0
DA:90,0
DA:91,0
DA:92,0
DA:97,0
DA:98,0
DA:99,0
DA:103,0
DA:104,0
DA:105,0
DA:109,0
end_of_record

SF:/mnt/f/Projects/audits/rio-vesting-escrow/src/adaptors/OZVotingAdaptor.sol
DA:12,0
DA:17,0
DA:20,0
DA:22,0
DA:23,0
DA:24,0
DA:25,0
DA:27,0
DA:28,0
DA:30,0
DA:35,0
DA:36,0
DA:42,0
DA:43,0
DA:51,0
DA:52,0
DA:57,0
DA:58,0
DA:63,0
DA:64,0
DA:65,0
DA:70,0
DA:71,0
DA:72,0
DA:78,0
DA:79,0
DA:80,0
DA:81,0
DA:86,0
DA:87,0
DA:88,0
DA:89,0
DA:90,0
end_of_record

SF:/mnt/f/Projects/audits/rio-vesting-escrow/src/interfaces/IVestingEscrow.sol
end_of_record

SF:/mnt/f/Projects/audits/rio-vesting-escrow/src/interfaces/IVestingEscrowFactory.sol
end_of_record

SF:/mnt/f/Projects/audits/rio-vesting-escrow/src/interfaces/IVotingAdaptor.sol
end_of_record

SF:/mnt/f/Projects/audits/rio-vesting-escrow/test/OZVotingAdaptor.t.sol
end_of_record

SF:/mnt/f/Projects/audits/rio-vesting-escrow/test/VestingEscrow.t.sol
end_of_record

SF:/mnt/f/Projects/audits/rio-vesting-escrow/test/VestingEscrowFactory.t.sol
end_of_record

SF:/mnt/f/Projects/audits/rio-vesting-escrow/test/lib/ERC20NoReturnToken.sol
DA:6,0
DA:7,0
DA:9,0
DA:10,0
DA:16,0
DA:17,0
DA:23,0
DA:24,0
DA:30,0
DA:31,0
end_of_record

SF:/mnt/f/Projects/audits/rio-vesting-escrow/test/lib/ERC20Token.sol
DA:6,0
DA:7,0
DA:9,0
DA:10,0
end_of_record

SF:/mnt/f/Projects/audits/rio-vesting-escrow/test/lib/GovernorVotesMock.sol
DA:9,0
DA:10,0
DA:12,0
DA:16,0
DA:20,0
DA:21,0
end_of_record

SF:/mnt/f/Projects/audits/rio-vesting-escrow/test/lib/OZVotingToken.sol
DA:8,0
DA:9,0
DA:11,0
DA:12,0
DA:17,0
DA:18,0
DA:21,0
DA:22,0
end_of_record

SF:/mnt/f/Projects/audits/rio-vesting-escrow/test/lib/TestUtil.sol
end_of_record

